<?xml version="1.0" encoding="UTF-8"?>
<testsuite name="com.example.learner.learn.day3.AnimalTest" tests="1" skipped="0" failures="0" errors="0" timestamp="2024-01-12T01:27:51" hostname="DESKTOP-LL832F4" time="0.019">
  <properties/>
  <testcase name="animalBuilderTest2()" classname="com.example.learner.learn.day3.AnimalTest" time="0.019"/>
  <system-out><![CDATA[10:27:51.055 [Test worker] INFO com.example.learner.learn.day3.AnimalTest -- Animal(name=new!!!, age=5)
]]></system-out>
  <system-err><![CDATA[]]></system-err>
</testsuite>
